mode: set
feishu-bot-talker/cmd/feishu-bot-talker/app/option/option.go:24.52,31.2 6 1
feishu-bot-talker/cmd/feishu-bot-talker/app/option/option.go:33.60,36.2 2 0
feishu-bot-talker/cmd/feishu-bot-talker/app/option/option.go:38.47,39.24 1 1
feishu-bot-talker/cmd/feishu-bot-talker/app/option/option.go:39.24,41.3 1 0
feishu-bot-talker/cmd/feishu-bot-talker/app/option/option.go:42.2,42.28 1 1
feishu-bot-talker/cmd/feishu-bot-talker/app/option/option.go:42.28,44.3 1 0
feishu-bot-talker/cmd/feishu-bot-talker/app/option/option.go:46.2,46.30 1 1
feishu-bot-talker/cmd/feishu-bot-talker/app/option/option.go:46.30,48.3 1 1
feishu-bot-talker/cmd/feishu-bot-talker/app/option/option.go:50.2,50.33 1 1
feishu-bot-talker/cmd/feishu-bot-talker/app/option/option.go:50.33,52.3 1 0
feishu-bot-talker/cmd/feishu-bot-talker/app/option/option.go:54.2,62.70 2 1
feishu-bot-talker/cmd/feishu-bot-talker/app/option/option.go:62.70,64.3 1 1
feishu-bot-talker/cmd/feishu-bot-talker/app/option/option.go:68.2,72.66 2 1
feishu-bot-talker/cmd/feishu-bot-talker/app/option/option.go:72.66,74.3 1 1
feishu-bot-talker/cmd/feishu-bot-talker/app/option/option.go:77.2,77.63 1 1
feishu-bot-talker/cmd/feishu-bot-talker/app/option/option.go:77.63,79.3 1 1
feishu-bot-talker/cmd/feishu-bot-talker/app/option/option.go:81.2,81.12 1 1
feishu-bot-talker/cmd/feishu-bot-talker/app/option/option.go:84.55,89.66 2 0
feishu-bot-talker/cmd/feishu-bot-talker/app/option/option.go:89.66,91.3 1 0
feishu-bot-talker/cmd/feishu-bot-talker/app/option/option.go:93.2,93.29 1 0
feishu-bot-talker/cmd/feishu-bot-talker/app/option/option.go:93.29,95.3 1 0
feishu-bot-talker/cmd/feishu-bot-talker/app/option/option.go:97.2,97.12 1 0
feishu-bot-talker/pkg/feishu-api/api.go:17.81,25.16 3 1
feishu-bot-talker/pkg/feishu-api/api.go:25.16,27.3 1 0
feishu-bot-talker/pkg/feishu-api/api.go:29.2,31.28 2 1
feishu-bot-talker/pkg/feishu-api/api.go:32.14,33.32 1 1
feishu-bot-talker/pkg/feishu-api/api.go:34.10,35.81 1 1
feishu-bot-talker/pkg/feishu-api/api.go:38.2,39.16 2 1
feishu-bot-talker/pkg/feishu-api/api.go:39.16,41.3 1 1
feishu-bot-talker/pkg/feishu-api/api.go:42.2,44.20 2 1
feishu-bot-talker/pkg/feishu-api/api.go:47.72,56.16 4 1
feishu-bot-talker/pkg/feishu-api/api.go:56.16,58.3 1 0
feishu-bot-talker/pkg/feishu-api/api.go:59.2,59.21 1 1
feishu-bot-talker/pkg/feishu-api/api.go:59.21,61.3 1 0
feishu-bot-talker/pkg/feishu-api/api.go:63.2,66.16 3 1
feishu-bot-talker/pkg/feishu-api/api.go:66.16,68.3 1 0
feishu-bot-talker/pkg/feishu-api/api.go:70.2,70.19 1 1
feishu-bot-talker/pkg/feishu-api/api.go:73.79,87.16 6 1
feishu-bot-talker/pkg/feishu-api/api.go:87.16,89.3 1 0
feishu-bot-talker/pkg/feishu-api/api.go:91.2,91.21 1 1
feishu-bot-talker/pkg/feishu-api/api.go:91.21,93.3 1 0
feishu-bot-talker/pkg/feishu-api/api.go:95.2,95.12 1 1
feishu-bot-talker/pkg/feishu-api/render.go:13.72,15.16 2 1
feishu-bot-talker/pkg/feishu-api/render.go:15.16,17.3 1 1
feishu-bot-talker/pkg/feishu-api/render.go:18.2,18.30 1 1
